# JRE version: OpenJDK Runtime Environment AdoptOpenJDK-11.0.11+9 (11.0.11+9) (build 11.0.11+9)
# Java VM: OpenJDK 64-Bit Server VM AdoptOpenJDK-11.0.11+9 (11.0.11+9, mixed mode, tiered, compressed oops, parallel gc, bsd-amd64)
Heap:
 PSYoungGen      total 24064K, used 47K [0x00000007eab00000, 0x00000007ec480000, 0x0000000800000000)
  eden space 22016K, 0% used [0x00000007eab00000,0x00000007eab0bee8,0x00000007ec080000)
  from space 2048K, 0% used [0x00000007ec100000,0x00000007ec100000,0x00000007ec300000)
  to   space 1024K, 0% used [0x00000007ec380000,0x00000007ec380000,0x00000007ec480000)
 ParOldGen       total 68608K, used 24780K [0x00000007c0000000, 0x00000007c4300000, 0x00000007eab00000)
  object space 68608K, 36% used [0x00000007c0000000,0x00000007c18333a0,0x00000007c4300000)
 Metaspace       used 33108K, capacity 35239K, committed 35672K, reserved 1081344K
  class space    used 3140K, capacity 3854K, committed 3928K, reserved 1048576K
GC Heap History (20 events):
Event: 8.737 GC heap before
{Heap before GC invocations=8 (full 1):
 PSYoungGen      total 26624K, used 26600K [0x00000007eab00000, 0x00000007eca00000, 0x0000000800000000)
  eden space 24064K, 100% used [0x00000007eab00000,0x00000007ec280000,0x00000007ec280000)
  from space 2560K, 99% used [0x00000007ec600000,0x00000007ec87a3e0,0x00000007ec880000)
  to   space 3584K, 0% used [0x00000007ec280000,0x00000007ec280000,0x00000007ec600000)
 ParOldGen       total 68608K, used 6532K [0x00000007c0000000, 0x00000007c4300000, 0x00000007eab00000)
  object space 68608K, 9% used [0x00000007c0000000,0x00000007c06611c8,0x00000007c4300000)
 Metaspace       used 30657K, capacity 32559K, committed 32896K, reserved 1079296K
  class space    used 2955K, capacity 3644K, committed 3712K, reserved 1048576K
}
Event: 8.749 GC heap after
{Heap after GC invocations=8 (full 1):
 PSYoungGen      total 27136K, used 3559K [0x00000007eab00000, 0x00000007ecb00000, 0x0000000800000000)
  eden space 23552K, 0% used [0x00000007eab00000,0x00000007eab00000,0x00000007ec200000)
  from space 3584K, 99% used [0x00000007ec280000,0x00000007ec5f9fa0,0x00000007ec600000)
  to   space 4608K, 0% used [0x00000007ec680000,0x00000007ec680000,0x00000007ecb00000)
 ParOldGen       total 68608K, used 7028K [0x00000007c0000000, 0x00000007c4300000, 0x00000007eab00000)
  object space 68608K, 10% used [0x00000007c0000000,0x00000007c06dd1d8,0x00000007c4300000)
 Metaspace       used 30657K, capacity 32559K, committed 32896K, reserved 1079296K
  class space    used 2955K, capacity 3644K, committed 3712K, reserved 1048576K
}
Event: 9.035 GC heap before
{Heap before GC invocations=9 (full 1):
 PSYoungGen      total 27136K, used 27111K [0x00000007eab00000, 0x00000007ecb00000, 0x0000000800000000)
  eden space 23552K, 100% used [0x00000007eab00000,0x00000007ec200000,0x00000007ec200000)
  from space 3584K, 99% used [0x00000007ec280000,0x00000007ec5f9fa0,0x00000007ec600000)
  to   space 4608K, 0% used [0x00000007ec680000,0x00000007ec680000,0x00000007ecb00000)
 ParOldGen       total 68608K, used 7028K [0x00000007c0000000, 0x00000007c4300000, 0x00000007eab00000)
  object space 68608K, 10% used [0x00000007c0000000,0x00000007c06dd1d8,0x00000007c4300000)
 Metaspace       used 30877K, capacity 32810K, committed 33152K, reserved 1079296K
  class space    used 2982K, capacity 3685K, committed 3712K, reserved 1048576K
}
Event: 9.049 GC heap after
{Heap after GC invocations=9 (full 1):
 PSYoungGen      total 26624K, used 4597K [0x00000007eab00000, 0x00000007ecd80000, 0x0000000800000000)
  eden space 22016K, 0% used [0x00000007eab00000,0x00000007eab00000,0x00000007ec080000)
  from space 4608K, 99% used [0x00000007ec680000,0x00000007ecafd550,0x00000007ecb00000)
  to   space 6144K, 0% used [0x00000007ec080000,0x00000007ec080000,0x00000007ec680000)
 ParOldGen       total 68608K, used 8148K [0x00000007c0000000, 0x00000007c4300000, 0x00000007eab00000)
  object space 68608K, 11% used [0x00000007c0000000,0x00000007c07f51d8,0x00000007c4300000)
 Metaspace       used 30877K, capacity 32810K, committed 33152K, reserved 1079296K
  class space    used 2982K, capacity 3685K, committed 3712K, reserved 1048576K
}
Event: 9.263 GC heap before
{Heap before GC invocations=10 (full 1):
 PSYoungGen      total 26624K, used 26613K [0x00000007eab00000, 0x00000007ecd80000, 0x0000000800000000)
  eden space 22016K, 100% used [0x00000007eab00000,0x00000007ec080000,0x00000007ec080000)
  from space 4608K, 99% used [0x00000007ec680000,0x00000007ecafd550,0x00000007ecb00000)
  to   space 6144K, 0% used [0x00000007ec080000,0x00000007ec080000,0x00000007ec680000)
 ParOldGen       total 68608K, used 8148K [0x00000007c0000000, 0x00000007c4300000, 0x00000007eab00000)
  object space 68608K, 11% used [0x00000007c0000000,0x00000007c07f51d8,0x00000007c4300000)
 Metaspace       used 30908K, capacity 32874K, committed 33152K, reserved 1079296K
  class space    used 2982K, capacity 3685K, committed 3712K, reserved 1048576K
}
Event: 9.276 GC heap after
{Heap after GC invocations=10 (full 1):
 PSYoungGen      total 27136K, used 4721K [0x00000007eab00000, 0x00000007eca80000, 0x0000000800000000)
  eden space 22016K, 0% used [0x00000007eab00000,0x00000007eab00000,0x00000007ec080000)
  from space 5120K, 92% used [0x00000007ec080000,0x00000007ec51c6e8,0x00000007ec580000)
  to   space 5120K, 0% used [0x00000007ec580000,0x00000007ec580000,0x00000007eca80000)
 ParOldGen       total 68608K, used 10158K [0x00000007c0000000, 0x00000007c4300000, 0x00000007eab00000)
  object space 68608K, 14% used [0x00000007c0000000,0x00000007c09eb9e8,0x00000007c4300000)
 Metaspace       used 30908K, capacity 32874K, committed 33152K, reserved 1079296K
  class space    used 2982K, capacity 3685K, committed 3712K, reserved 1048576K
}
Event: 9.460 GC heap before
{Heap before GC invocations=11 (full 1):
 PSYoungGen      total 27136K, used 26737K [0x00000007eab00000, 0x00000007eca80000, 0x0000000800000000)
  eden space 22016K, 100% used [0x00000007eab00000,0x00000007ec080000,0x00000007ec080000)
  from space 5120K, 92% used [0x00000007ec080000,0x00000007ec51c6e8,0x00000007ec580000)
  to   space 5120K, 0% used [0x00000007ec580000,0x00000007ec580000,0x00000007eca80000)
 ParOldGen       total 68608K, used 10158K [0x00000007c0000000, 0x00000007c4300000, 0x00000007eab00000)
  object space 68608K, 14% used [0x00000007c0000000,0x00000007c09eb9e8,0x00000007c4300000)
 Metaspace       used 31072K, capacity 33002K, committed 33152K, reserved 1079296K
  class space    used 2994K, capacity 3685K, committed 3712K, reserved 1048576K
}
Event: 9.472 GC heap after
{Heap after GC invocations=11 (full 1):
 PSYoungGen      total 27136K, used 4594K [0x00000007eab00000, 0x00000007eca80000, 0x0000000800000000)
  eden space 22016K, 0% used [0x00000007eab00000,0x00000007eab00000,0x00000007ec080000)
  from space 5120K, 89% used [0x00000007ec580000,0x00000007ec9fcb38,0x00000007eca80000)
  to   space 5120K, 0% used [0x00000007ec080000,0x00000007ec080000,0x00000007ec580000)
 ParOldGen       total 68608K, used 12712K [0x00000007c0000000, 0x00000007c4300000, 0x00000007eab00000)
  object space 68608K, 18% used [0x00000007c0000000,0x00000007c0c6a1e0,0x00000007c4300000)
 Metaspace       used 31072K, capacity 33002K, committed 33152K, reserved 1079296K
  class space    used 2994K, capacity 3685K, committed 3712K, reserved 1048576K
}
Event: 9.579 GC heap before
{Heap before GC invocations=12 (full 1):
 PSYoungGen      total 27136K, used 26610K [0x00000007eab00000, 0x00000007eca80000, 0x0000000800000000)
  eden space 22016K, 100% used [0x00000007eab00000,0x00000007ec080000,0x00000007ec080000)
  from space 5120K, 89% used [0x00000007ec580000,0x00000007ec9fcb38,0x00000007eca80000)
  to   space 5120K, 0% used [0x00000007ec080000,0x00000007ec080000,0x00000007ec580000)
 ParOldGen       total 68608K, used 12712K [0x00000007c0000000, 0x00000007c4300000, 0x00000007eab00000)
  object space 68608K, 18% used [0x00000007c0000000,0x00000007c0c6a1e0,0x00000007c4300000)
 Metaspace       used 31072K, capacity 33002K, committed 33152K, reserved 1079296K
  class space    used 2994K, capacity 3685K, committed 3712K, reserved 1048576K
}
Event: 9.590 GC heap after
{Heap after GC invocations=12 (full 1):
 PSYoungGen      total 24576K, used 2272K [0x00000007eab00000, 0x00000007ec780000, 0x0000000800000000)
  eden space 22016K, 0% used [0x00000007eab00000,0x00000007eab00000,0x00000007ec080000)
  from space 2560K, 88% used [0x00000007ec080000,0x00000007ec2b8000,0x00000007ec300000)
  to   space 3584K, 0% used [0x00000007ec400000,0x00000007ec400000,0x00000007ec780000)
 ParOldGen       total 68608K, used 17179K [0x00000007c0000000, 0x00000007c4300000, 0x00000007eab00000)
  object space 68608K, 25% used [0x00000007c0000000,0x00000007c10c6dc0,0x00000007c4300000)
 Metaspace       used 31072K, capacity 33002K, committed 33152K, reserved 1079296K
  class space    used 2994K, capacity 3685K, committed 3712K, reserved 1048576K
}
Event: 9.682 GC heap before
{Heap before GC invocations=13 (full 1):
 PSYoungGen      total 24576K, used 24288K [0x00000007eab00000, 0x00000007ec780000, 0x0000000800000000)
  eden space 22016K, 100% used [0x00000007eab00000,0x00000007ec080000,0x00000007ec080000)
  from space 2560K, 88% used [0x00000007ec080000,0x00000007ec2b8000,0x00000007ec300000)
  to   space 3584K, 0% used [0x00000007ec400000,0x00000007ec400000,0x00000007ec780000)
 ParOldGen       total 68608K, used 17179K [0x00000007c0000000, 0x00000007c4300000, 0x00000007eab00000)
  object space 68608K, 25% used [0x00000007c0000000,0x00000007c10c6dc0,0x00000007c4300000)
 Metaspace       used 31072K, capacity 33002K, committed 33152K, reserved 1079296K
  class space    used 2994K, capacity 3685K, committed 3712K, reserved 1048576K
}
Event: 9.691 GC heap after
{Heap after GC invocations=13 (full 1):
 PSYoungGen      total 25088K, used 2560K [0x00000007eab00000, 0x00000007ec700000, 0x0000000800000000)
  eden space 22016K, 0% used [0x00000007eab00000,0x00000007eab00000,0x00000007ec080000)
  from space 3072K, 83% used [0x00000007ec400000,0x00000007ec680010,0x00000007ec700000)
  to   space 3072K, 0% used [0x00000007ec100000,0x00000007ec100000,0x00000007ec400000)
 ParOldGen       total 68608K, used 19363K [0x00000007c0000000, 0x00000007c4300000, 0x00000007eab00000)
  object space 68608K, 28% used [0x00000007c0000000,0x00000007c12e8dc0,0x00000007c4300000)
 Metaspace       used 31072K, capacity 33002K, committed 33152K, reserved 1079296K
  class space    used 2994K, capacity 3685K, committed 3712K, reserved 1048576K
}
Event: 9.843 GC heap before
{Heap before GC invocations=14 (full 1):
 PSYoungGen      total 25088K, used 24576K [0x00000007eab00000, 0x00000007ec700000, 0x0000000800000000)
  eden space 22016K, 100% used [0x00000007eab00000,0x00000007ec080000,0x00000007ec080000)
  from space 3072K, 83% used [0x00000007ec400000,0x00000007ec680010,0x00000007ec700000)
  to   space 3072K, 0% used [0x00000007ec100000,0x00000007ec100000,0x00000007ec400000)
 ParOldGen       total 68608K, used 19363K [0x00000007c0000000, 0x00000007c4300000, 0x00000007eab00000)
  object space 68608K, 28% used [0x00000007c0000000,0x00000007c12e8dc0,0x00000007c4300000)
 Metaspace       used 31185K, capacity 33243K, committed 33536K, reserved 1079296K
  class space    used 3003K, capacity 3722K, committed 3840K, reserved 1048576K
}
Event: 9.854 GC heap after
{Heap after GC invocations=14 (full 1):
 PSYoungGen      total 25088K, used 3066K [0x00000007eab00000, 0x00000007ec780000, 0x0000000800000000)
  eden space 22016K, 0% used [0x00000007eab00000,0x00000007eab00000,0x00000007ec080000)
  from space 3072K, 99% used [0x00000007ec100000,0x00000007ec3feb58,0x00000007ec400000)
  to   space 3584K, 0% used [0x00000007ec400000,0x00000007ec400000,0x00000007ec780000)
 ParOldGen       total 68608K, used 21873K [0x00000007c0000000, 0x00000007c4300000, 0x00000007eab00000)
  object space 68608K, 31% used [0x00000007c0000000,0x00000007c155c650,0x00000007c4300000)
 Metaspace       used 31185K, capacity 33243K, committed 33536K, reserved 1079296K
  class space    used 3003K, capacity 3722K, committed 3840K, reserved 1048576K
}
Event: 10.236 GC heap before
{Heap before GC invocations=15 (full 1):
 PSYoungGen      total 25088K, used 25074K [0x00000007eab00000, 0x00000007ec780000, 0x0000000800000000)
  eden space 22016K, 99% used [0x00000007eab00000,0x00000007ec07de08,0x00000007ec080000)
  from space 3072K, 99% used [0x00000007ec100000,0x00000007ec3feb58,0x00000007ec400000)
  to   space 3584K, 0% used [0x00000007ec400000,0x00000007ec400000,0x00000007ec780000)
 ParOldGen       total 68608K, used 21873K [0x00000007c0000000, 0x00000007c4300000, 0x00000007eab00000)
  object space 68608K, 31% used [0x00000007c0000000,0x00000007c155c650,0x00000007c4300000)
 Metaspace       used 32978K, capacity 35111K, committed 35416K, reserved 1081344K
  class space    used 3134K, capacity 3854K, committed 3928K, reserved 1048576K
}
Event: 10.249 GC heap after
{Heap after GC invocations=15 (full 1):
 PSYoungGen      total 23040K, used 837K [0x00000007eab00000, 0x00000007ec500000, 0x0000000800000000)
  eden space 22016K, 0% used [0x00000007eab00000,0x00000007eab00000,0x00000007ec080000)
  from space 1024K, 81% used [0x00000007ec400000,0x00000007ec4d1450,0x00000007ec500000)
  to   space 2048K, 0% used [0x00000007ec100000,0x00000007ec100000,0x00000007ec300000)
 ParOldGen       total 68608K, used 24843K [0x00000007c0000000, 0x00000007c4300000, 0x00000007eab00000)
  object space 68608K, 36% used [0x00000007c0000000,0x00000007c1842d78,0x00000007c4300000)
 Metaspace       used 32978K, capacity 35111K, committed 35416K, reserved 1081344K
  class space    used 3134K, capacity 3854K, committed 3928K, reserved 1048576K
}
Event: 10.264 GC heap before
{Heap before GC invocations=16 (full 1):
 PSYoungGen      total 23040K, used 1287K [0x00000007eab00000, 0x00000007ec500000, 0x0000000800000000)
  eden space 22016K, 2% used [0x00000007eab00000,0x00000007eab70888,0x00000007ec080000)
  from space 1024K, 81% used [0x00000007ec400000,0x00000007ec4d1450,0x00000007ec500000)
  to   space 2048K, 0% used [0x00000007ec100000,0x00000007ec100000,0x00000007ec300000)
 ParOldGen       total 68608K, used 24843K [0x00000007c0000000, 0x00000007c4300000, 0x00000007eab00000)
  object space 68608K, 36% used [0x00000007c0000000,0x00000007c1842d78,0x00000007c4300000)
 Metaspace       used 33085K, capacity 35175K, committed 35416K, reserved 1081344K
  class space    used 3140K, capacity 3854K, committed 3928K, reserved 1048576K
}
Event: 10.269 GC heap after
{Heap after GC invocations=16 (full 1):
 PSYoungGen      total 24064K, used 128K [0x00000007eab00000, 0x00000007ec480000, 0x0000000800000000)
  eden space 22016K, 0% used [0x00000007eab00000,0x00000007eab00000,0x00000007ec080000)
  from space 2048K, 6% used [0x00000007ec100000,0x00000007ec120000,0x00000007ec300000)
  to   space 1024K, 0% used [0x00000007ec380000,0x00000007ec380000,0x00000007ec480000)
 ParOldGen       total 68608K, used 25481K [0x00000007c0000000, 0x00000007c4300000, 0x00000007eab00000)
  object space 68608K, 37% used [0x00000007c0000000,0x00000007c18e27c0,0x00000007c4300000)
 Metaspace       used 33085K, capacity 35175K, committed 35416K, reserved 1081344K
  class space    used 3140K, capacity 3854K, committed 3928K, reserved 1048576K
}
Event: 10.269 GC heap before
{Heap before GC invocations=17 (full 2):
 PSYoungGen      total 24064K, used 128K [0x00000007eab00000, 0x00000007ec480000, 0x0000000800000000)
  eden space 22016K, 0% used [0x00000007eab00000,0x00000007eab00000,0x00000007ec080000)
  from space 2048K, 6% used [0x00000007ec100000,0x00000007ec120000,0x00000007ec300000)
  to   space 1024K, 0% used [0x00000007ec380000,0x00000007ec380000,0x00000007ec480000)
 ParOldGen       total 68608K, used 25481K [0x00000007c0000000, 0x00000007c4300000, 0x00000007eab00000)
  object space 68608K, 37% used [0x00000007c0000000,0x00000007c18e27c0,0x00000007c4300000)
 Metaspace       used 33085K, capacity 35175K, committed 35416K, reserved 1081344K
  class space    used 3140K, capacity 3854K, committed 3928K, reserved 1048576K
}
Event: 10.595 GC heap after
{Heap after GC invocations=17 (full 2):
 PSYoungGen      total 24064K, used 0K [0x00000007eab00000, 0x00000007ec480000, 0x0000000800000000)
  eden space 22016K, 0% used [0x00000007eab00000,0x00000007eab00000,0x00000007ec080000)
  from space 2048K, 0% used [0x00000007ec100000,0x00000007ec100000,0x00000007ec300000)
  to   space 1024K, 0% used [0x00000007ec380000,0x00000007ec380000,0x00000007ec480000)
 ParOldGen       total 68608K, used 24780K [0x00000007c0000000, 0x00000007c4300000, 0x00000007eab00000)
  object space 68608K, 36% used [0x00000007c0000000,0x00000007c18333a0,0x00000007c4300000)
 Metaspace       used 33085K, capacity 35175K, committed 35416K, reserved 1081344K
  class space    used 3140K, capacity 3854K, committed 3928K, reserved 1048576K
}

